  slicer.cpp
  relations_builder.cpp
c:\llvm\include\llvm\support\mathextras.h(346): error C4146: unary minus operator applied to unsigned type, result still unsigned
c:\llvm\include\llvm\adt\apint.h(1552): warning C4244: 'return': conversion from 'uint64_t' to 'unsigned int', possible loss of data
c:\llvm\include\llvm\adt\stringref.h(873): warning C4141: 'inline': used more than once
c:\llvm\include\llvm\adt\stringref.h(878): warning C4141: 'inline': used more than once
c:\llvm\include\llvm\adt\hashing.h(572): warning C4244: 'argument': conversion from 'uint64_t' to 'std::size_t', possible loss of data
c:\llvm\include\llvm\adt\hashing.h(584): warning C4244: 'argument': conversion from 'uint64_t' to 'std::size_t', possible loss of data
c:\llvm\include\llvm\adt\hashing.h(623): warning C4244: 'argument': conversion from 'uint64_t' to 'std::size_t', possible loss of data
c:\llvm\tools\clang\include\clang\basic\diagnosticids.h(53): fatal error C1083: Cannot open include file: 'clang/Basic/DiagnosticCommonKinds.inc': No such file or directory
  relations.cpp
c:\llvm\tools\clang\include\clang\ast\astfwd.h(22): fatal error C1083: Cannot open include file: 'clang/AST/DeclNodes.inc': No such file or directory
  main.cpp
c:\llvm\include\llvm\support\mathextras.h(346): error C4146: unary minus operator applied to unsigned type, result still unsigned
c:\llvm\include\llvm\adt\apint.h(1552): warning C4244: 'return': conversion from 'uint64_t' to 'unsigned int', possible loss of data
c:\llvm\include\llvm\adt\stringref.h(873): warning C4141: 'inline': used more than once
c:\llvm\include\llvm\adt\stringref.h(878): warning C4141: 'inline': used more than once
c:\llvm\include\llvm\adt\hashing.h(572): warning C4244: 'argument': conversion from 'uint64_t' to 'std::size_t', possible loss of data
c:\llvm\include\llvm\adt\hashing.h(584): warning C4244: 'argument': conversion from 'uint64_t' to 'std::size_t', possible loss of data
c:\llvm\include\llvm\adt\hashing.h(623): warning C4244: 'argument': conversion from 'uint64_t' to 'std::size_t', possible loss of data
c:\llvm\tools\clang\include\clang\basic\diagnosticids.h(53): fatal error C1083: Cannot open include file: 'clang/Basic/DiagnosticCommonKinds.inc': No such file or directory
  Generating Code...
